<?xml version="1.0" encoding="UTF-8"?>
<testng-results ignored="0" total="1" passed="1" failed="0" skipped="0">
  <reporter-output>
  </reporter-output>
  <suite started-at="2022-12-28T11:14:48 IST" name="Default suite" finished-at="2022-12-28T11:14:52 IST" duration-ms="4265">
    <groups>
    </groups>
    <test started-at="2022-12-28T11:14:48 IST" name="Default test" finished-at="2022-12-28T11:14:52 IST" duration-ms="4265">
      <class name="goibibo.withoutsendkeys">
        <test-method signature="withoutsendkeys()[pri:0, instance:goibibo.withoutsendkeys@49c7b90e]" started-at="2022-12-28T11:14:48 IST" name="withoutsendkeys" finished-at="2022-12-28T11:14:52 IST" duration-ms="4228" status="PASS">
          <reporter-output>
          </reporter-output>
        </test-method> <!-- withoutsendkeys -->
      </class> <!-- goibibo.withoutsendkeys -->
    </test> <!-- Default test -->
  </suite> <!-- Default suite -->
</testng-results>
